

Version:	3.14
CmdLine:	D:\EaZy\AppPPOB\EZPayment.exe --l4j-debug
WOW64:		yes
Create mutex:	EZ System
Working dir:	D:\EaZy\AppPPOB\.
Java min ver:	1.008.000
Java max ver:	1.023.000
64-bit search:	SOFTWARE\JavaSoft\Java Runtime Environment...
Check:		SOFTWARE\JavaSoft\Java Runtime Environment\1.6
Ignore:		1.006.000
Check:		SOFTWARE\JavaSoft\Java Runtime Environment\1.6.0_26
Ignore:		1.006.000_026
Check:		SOFTWARE\JavaSoft\Java Runtime Environment\1.7
Ignore:		1.007.000
Check:		SOFTWARE\JavaSoft\Java Runtime Environment\1.7.0_80
Ignore:		1.007.000_080
Check:		SOFTWARE\JavaSoft\Java Runtime Environment\1.8
Check launcher:	C:\Program Files\Java\jre1.8.0_311\bin\javaw.exe (OK)
Match:		1.008.000
Check:		SOFTWARE\JavaSoft\Java Runtime Environment\1.8.0_311
Check launcher:	C:\Program Files\Java\jre1.8.0_311\bin\javaw.exe (OK)
Match:		1.008.000_311
64-bit search:	SOFTWARE\JavaSoft\Java Development Kit...
Check:		SOFTWARE\JavaSoft\Java Development Kit\1.6
Ignore:		1.006.000
Check:		SOFTWARE\JavaSoft\Java Development Kit\1.6.0_26
Ignore:		1.006.000_026
Check:		SOFTWARE\JavaSoft\Java Development Kit\1.7
Ignore:		1.007.000
Check:		SOFTWARE\JavaSoft\Java Development Kit\1.7.0_76
Ignore:		1.007.000_076
Check:		SOFTWARE\JavaSoft\Java Development Kit\1.7.0_80
Ignore:		1.007.000_080
Check:		SOFTWARE\JavaSoft\Java Development Kit\1.8
Ignore:		1.008.000
Check:		SOFTWARE\JavaSoft\Java Development Kit\1.8.0_281
Ignore:		1.008.000_281
64-bit search:	SOFTWARE\JavaSoft\JRE...
64-bit search:	SOFTWARE\JavaSoft\JDK...
Runtime used:	1.008.000_311 (64-bit)
Main class:	app.ppob.AppPPOB
Add classpath:	lib\AppCoreSystem-1.0.0-SNAPSHOT.jar
Add classpath:	lib\CommonCore-0.1.0.jar
Add classpath:	lib\SparseBitSet-1.2.jar
Add classpath:	lib\animatefx-1.2.0.jar
Add classpath:	lib\ant-1.7.1.jar
Add classpath:	lib\ant-contrib.jar
Add classpath:	lib\ant-launcher-1.7.1.jar
Add classpath:	lib\ant-launcher.jar
Add classpath:	lib\ant.jar
Add classpath:	lib\asm-5.0.2.jar
Add classpath:	lib\asm-analysis-5.0.2.jar
Add classpath:	lib\asm-commons-5.0.2.jar
Add classpath:	lib\asm-tree-5.0.2.jar
Add classpath:	lib\asm-util-5.0.2.jar
Add classpath:	lib\avalon-framework-impl-4.2.0.jar
Add classpath:	lib\barbecue-1.5-beta1.jar
Add classpath:	lib\barcode4j-2.1.jar
Add classpath:	lib\batik-anim-1.8.jar
Add classpath:	lib\batik-awt-util-1.8.jar
Add classpath:	lib\batik-css-1.8.jar
Add classpath:	lib\batik-dom-1.8.jar
Add classpath:	lib\batik-ext-1.8.jar
Add classpath:	lib\batik-parser-1.8.jar
Add classpath:	lib\batik-svg-dom-1.8.jar
Add classpath:	lib\batik-util-1.8.jar
Add classpath:	lib\batik-xml-1.8.jar
Add classpath:	lib\bcmail-jdk14-1.38.jar
Add classpath:	lib\bcprov-jdk14-1.38.jar
Add classpath:	lib\bcprov-jdk15on-1.64.jar
Add classpath:	lib\bctsp-jdk14-1.38.jar
Add classpath:	lib\castor-core-1.3.3.jar
Add classpath:	lib\castor-core-1.4.1.jar
Add classpath:	lib\castor-xml-1.4.1.jar
Add classpath:	lib\colors-1.4.jar
Add classpath:	lib\commons-beanutils-1.9.0.jar
Add classpath:	lib\commons-beanutils-1.9.4.jar
Add classpath:	lib\commons-cli-1.0.jar
Add classpath:	lib\commons-cli.jar
Add classpath:	lib\commons-codec-1.15.jar
Add classpath:	lib\commons-collections-3.2.1.jar
Add classpath:	lib\commons-collections-3.2.2.jar
Add classpath:	lib\commons-collections4-4.2.jar
Add classpath:	lib\commons-collections4-4.4.jar
Add classpath:	lib\commons-digester-2.1.jar
Add classpath:	lib\commons-io-1.4.jar
Add classpath:	lib\commons-javaflow-1590792-patched-play-1.3.0.jar
Add classpath:	lib\commons-jci-core-1.1.jar
Add classpath:	lib\commons-jci-fam-1.1.jar
Add classpath:	lib\commons-lang-1.0.jar
Add classpath:	lib\commons-lang-2.6.jar
Add classpath:	lib\commons-lang3-3.11.jar
Add classpath:	lib\commons-lang3-3.4.jar
Add classpath:	lib\commons-logging-1.0.jar
Add classpath:	lib\commons-logging-1.1.1.jar
Add classpath:	lib\commons-logging-1.1.3.jar
Add classpath:	lib\commons-logging-1.2.jar
Add classpath:	lib\commons-math3-3.6.1.jar
Add classpath:	lib\commons-text-1.9.jar
Add classpath:	lib\controlsfx-8.40.14.jar
Add classpath:	lib\dom4j-1.6.1.jar
Add classpath:	lib\easyant-core.jar
Add classpath:	lib\ecj-3.21.0.jar
Add classpath:	lib\fontawesomefx-8.9.jar
Add classpath:	lib\groovy-2.4.16.jar
Add classpath:	lib\groovy-all-3.0.7-groovydoc.jar
Add classpath:	lib\groovy-all-3.0.7-sources.jar
Add classpath:	lib\itext-2.1.7.js8.jar
Add classpath:	lib\itextpdf-5.0.6.jar
Add classpath:	lib\ivy.jar
Add classpath:	lib\jPDFNotes.jar
Add classpath:	lib\jPDFProcess.v2019R1.06.jar
Add classpath:	lib\jackson-annotations-2.10.0.jar
Add classpath:	lib\jackson-core-2.10.0.jar
Add classpath:	lib\jackson-databind-2.10.0.jar
Add classpath:	lib\jasperreports-6.13.0.jar
Add classpath:	lib\jasperreports-6.16.0.jar
Add classpath:	lib\jasperreports-fonts-6.16.0.jar
Add classpath:	lib\jasperreports-functions-6.16.0.jar
Add classpath:	lib\javacsv-2.0.jar
Add classpath:	lib\javax.inject-1.jar
Add classpath:	lib\jcl-over-slf4j-1.7.30.jar
Add classpath:	lib\jcommon-1.0.23.jar
Add classpath:	lib\jfoenix-8.0.7.jar
Add classpath:	lib\jfreechart-1.0.19.jar
Add classpath:	lib\joda-time-2.9.9.jar
Add classpath:	lib\jrviewer-fx-0.1.0.jar
Add classpath:	lib\json-20190722.jar
Add classpath:	lib\junit-3.7.jar
Add classpath:	lib\mysql-connector-java-5.1.23-bin.jar
Add classpath:	lib\org-jdesktop-layout-RELEASE65.jar
Add classpath:	lib\poi-5.0.0.jar
Add classpath:	lib\poi-examples-5.0.0.jar
Add classpath:	lib\poi-excelant-5.0.0.jar
Add classpath:	lib\poi-integration-5.0.0.jar
Add classpath:	lib\poi-ooxml-5.0.0.jar
Add classpath:	lib\poi-ooxml-full-5.0.0.jar
Add classpath:	lib\poi-ooxml-lite-5.0.0.jar
Add classpath:	lib\poi-scratchpad-5.0.0.jar
Add classpath:	lib\scenicView.jar
Add classpath:	lib\slf4j-api-1.7.30.jar
Add classpath:	lib\testcontainers-1.11.3.jar
Add classpath:	lib\tilesfx-1.5.2.jar
Add classpath:	lib\xalan-2.7.0.jar
Add classpath:	lib\xml-apis-1.3.04.jar
Add classpath:	lib\xml-apis-ext-1.3.04.jar
Add classpath:	lib\xmlbeans-2.5.0.jar
Launcher:	C:\Program Files\Java\jre1.8.0_311\bin\javaw.exe
Launcher args:	-classpath "D:\EaZy\AppPPOB\EZPayment.exe;lib\AppCoreSystem-1.0.0-SNAPSHOT.jar;lib\CommonCore-0.1.0.jar;lib\SparseBitSet-1.2.jar;lib\animatefx-1.2.0.jar;lib\ant-1.7.1.jar;lib\ant-contrib.jar;lib\ant-launcher-1.7.1.jar;lib\ant-launcher.jar;lib\ant.jar;lib\asm-5.0.2.jar;lib\asm-analysis-5.0.2.jar;lib\asm-commons-5.0.2.jar;lib\asm-tree-5.0.2.jar;lib\asm-util-5.0.2.jar;lib\avalon-framework-impl-4.2.0.jar;lib\barbecue-1.5-beta1.jar;lib\barcode4j-2.1.jar;lib\batik-anim-1.8.jar;lib\batik-awt-util-1.8.jar;lib\batik-css-1.8.jar;lib\batik-dom-1.8.jar;lib\batik-ext-1.8.jar;lib\batik-parser-1.8.jar;lib\batik-svg-dom-1.8.jar;lib\batik-util-1.8.jar;lib\batik-xml-1.8.jar;lib\bcmail-jdk14-1.38.jar;lib\bcprov-jdk14-1.38.jar;lib\bcprov-jdk15on-1.64.jar;lib\bctsp-jdk14-1.38.jar;lib\castor-core-1.3.3.jar;lib\castor-core-1.4.1.jar;lib\castor-xml-1.4.1.jar;lib\colors-1.4.jar;lib\commons-beanutils-1.9.0.jar;lib\commons-beanutils-1.9.4.jar;lib\commons-cli-1.0.jar;lib\commons-cli.jar;lib\commons-codec-1.15.jar;lib\commons-collections-3.2.1.jar;lib\commons-collections-3.2.2.jar;lib\commons-collections4-4.2.jar;lib\commons-collections4-4.4.jar;lib\commons-digester-2.1.jar;lib\commons-io-1.4.jar;lib\commons-javaflow-1590792-patched-play-1.3.0.jar;lib\commons-jci-core-1.1.jar;lib\commons-jci-fam-1.1.jar;lib\commons-lang-1.0.jar;lib\commons-lang-2.6.jar;lib\commons-lang3-3.11.jar;lib\commons-lang3-3.4.jar;lib\commons-logging-1.0.jar;lib\commons-logging-1.1.1.jar;lib\commons-logging-1.1.3.jar;lib\commons-logging-1.2.jar;lib\commons-math3-3.6.1.jar;lib\commons-text-1.9.jar;lib\controlsfx-8.40.14.jar;lib\dom4j-1.6.1.jar;lib\easyant-core.jar;lib\ecj-3.21.0.jar;lib\fontawesomefx-8.9.jar;lib\groovy-2.4.16.jar;lib\groovy-all-3.0.7-groovydoc.jar;lib\groovy-all-3.0.7-sources.jar;lib\itext-2.1.7.js8.jar;lib\itextpdf-5.0.6.jar;lib\ivy.jar;lib\jPDFNotes.jar;lib\jPDFProcess.v2019R1.06.jar;lib\jackson-annotations-2.10.0.jar;lib\jackson-core-2.10.0.jar;lib\jackson-databind-2.10.0.jar;lib\jasperreports-6.13.0.jar;lib\jasperreports-6.16.0.jar;lib\jasperreports-fonts-6.16.0.jar;lib\jasperreports-functions-6.16.0.jar;lib\javacsv-2.0.jar;lib\javax.inject-1.jar;lib\jcl-over-slf4j-1.7.30.jar;lib\jcommon-1.0.23.jar;lib\jfoenix-8.0.7.jar;lib\jfreechart-1.0.19.jar;lib\joda-time-2.9.9.jar;lib\jrviewer-fx-0.1.0.jar;lib\json-20190722.jar;lib\junit-3.7.jar;lib\mysql-connector-java-5.1.23-bin.jar;lib\org-jdesktop-layout-RELEASE65.jar;lib\poi-5.0.0.jar;lib\poi-examples-5.0.0.jar;lib\poi-excelant-5.0.0.jar;lib\poi-integration-5.0.0.jar;lib\poi-ooxml-5.0.0.jar;lib\poi-ooxml-full-5.0.0.jar;lib\poi-ooxml-lite-5.0.0.jar;lib\poi-scratchpad-5.0.0.jar;lib\scenicView.jar;lib\slf4j-api-1.7.30.jar;lib\testcontainers-1.11.3.jar;lib\tilesfx-1.5.2.jar;lib\xalan-2.7.0.jar;lib\xml-apis-1.3.04.jar;lib\xml-apis-ext-1.3.04.jar;lib\xmlbeans-2.5.0.jar" app.ppob.AppPPOB
Args length:	2839/32768 chars
Exit code:	0


Version:	3.14
CmdLine:	D:\EaZy\AppPPOB\EZPayment.exe --l4j-debug
WOW64:		yes
Create mutex:	EZ System
Working dir:	D:\EaZy\AppPPOB\.
Java min ver:	1.008.000
Java max ver:	1.023.000
64-bit search:	SOFTWARE\JavaSoft\Java Runtime Environment...
Check:		SOFTWARE\JavaSoft\Java Runtime Environment\1.6
Ignore:		1.006.000
Check:		SOFTWARE\JavaSoft\Java Runtime Environment\1.6.0_26
Ignore:		1.006.000_026
Check:		SOFTWARE\JavaSoft\Java Runtime Environment\1.7
Ignore:		1.007.000
Check:		SOFTWARE\JavaSoft\Java Runtime Environment\1.7.0_80
Ignore:		1.007.000_080
Check:		SOFTWARE\JavaSoft\Java Runtime Environment\1.8
Check launcher:	C:\Program Files\Java\jre1.8.0_311\bin\javaw.exe (OK)
Match:		1.008.000
Check:		SOFTWARE\JavaSoft\Java Runtime Environment\1.8.0_311
Check launcher:	C:\Program Files\Java\jre1.8.0_311\bin\javaw.exe (OK)
Match:		1.008.000_311
64-bit search:	SOFTWARE\JavaSoft\Java Development Kit...
Check:		SOFTWARE\JavaSoft\Java Development Kit\1.6
Ignore:		1.006.000
Check:		SOFTWARE\JavaSoft\Java Development Kit\1.6.0_26
Ignore:		1.006.000_026
Check:		SOFTWARE\JavaSoft\Java Development Kit\1.7
Ignore:		1.007.000
Check:		SOFTWARE\JavaSoft\Java Development Kit\1.7.0_76
Ignore:		1.007.000_076
Check:		SOFTWARE\JavaSoft\Java Development Kit\1.7.0_80
Ignore:		1.007.000_080
Check:		SOFTWARE\JavaSoft\Java Development Kit\1.8
Ignore:		1.008.000
Check:		SOFTWARE\JavaSoft\Java Development Kit\1.8.0_281
Ignore:		1.008.000_281
64-bit search:	SOFTWARE\JavaSoft\JRE...
64-bit search:	SOFTWARE\JavaSoft\JDK...
Runtime used:	1.008.000_311 (64-bit)
Main class:	app.ppob.AppPPOB
Add classpath:	lib\AppCoreSystem-1.0.0-SNAPSHOT.jar
Add classpath:	lib\CommonCore-0.1.0.jar
Add classpath:	lib\SparseBitSet-1.2.jar
Add classpath:	lib\animatefx-1.2.0.jar
Add classpath:	lib\ant-1.7.1.jar
Add classpath:	lib\ant-contrib.jar
Add classpath:	lib\ant-launcher-1.7.1.jar
Add classpath:	lib\ant-launcher.jar
Add classpath:	lib\ant.jar
Add classpath:	lib\asm-5.0.2.jar
Add classpath:	lib\asm-analysis-5.0.2.jar
Add classpath:	lib\asm-commons-5.0.2.jar
Add classpath:	lib\asm-tree-5.0.2.jar
Add classpath:	lib\asm-util-5.0.2.jar
Add classpath:	lib\avalon-framework-impl-4.2.0.jar
Add classpath:	lib\barbecue-1.5-beta1.jar
Add classpath:	lib\barcode4j-2.1.jar
Add classpath:	lib\batik-anim-1.8.jar
Add classpath:	lib\batik-awt-util-1.8.jar
Add classpath:	lib\batik-css-1.8.jar
Add classpath:	lib\batik-dom-1.8.jar
Add classpath:	lib\batik-ext-1.8.jar
Add classpath:	lib\batik-parser-1.8.jar
Add classpath:	lib\batik-svg-dom-1.8.jar
Add classpath:	lib\batik-util-1.8.jar
Add classpath:	lib\batik-xml-1.8.jar
Add classpath:	lib\bcmail-jdk14-1.38.jar
Add classpath:	lib\bcprov-jdk14-1.38.jar
Add classpath:	lib\bcprov-jdk15on-1.64.jar
Add classpath:	lib\bctsp-jdk14-1.38.jar
Add classpath:	lib\castor-core-1.3.3.jar
Add classpath:	lib\castor-core-1.4.1.jar
Add classpath:	lib\castor-xml-1.4.1.jar
Add classpath:	lib\colors-1.4.jar
Add classpath:	lib\commons-beanutils-1.9.0.jar
Add classpath:	lib\commons-beanutils-1.9.4.jar
Add classpath:	lib\commons-cli-1.0.jar
Add classpath:	lib\commons-cli.jar
Add classpath:	lib\commons-codec-1.15.jar
Add classpath:	lib\commons-collections-3.2.1.jar
Add classpath:	lib\commons-collections-3.2.2.jar
Add classpath:	lib\commons-collections4-4.2.jar
Add classpath:	lib\commons-collections4-4.4.jar
Add classpath:	lib\commons-digester-2.1.jar
Add classpath:	lib\commons-io-1.4.jar
Add classpath:	lib\commons-javaflow-1590792-patched-play-1.3.0.jar
Add classpath:	lib\commons-jci-core-1.1.jar
Add classpath:	lib\commons-jci-fam-1.1.jar
Add classpath:	lib\commons-lang-1.0.jar
Add classpath:	lib\commons-lang-2.6.jar
Add classpath:	lib\commons-lang3-3.11.jar
Add classpath:	lib\commons-lang3-3.4.jar
Add classpath:	lib\commons-logging-1.0.jar
Add classpath:	lib\commons-logging-1.1.1.jar
Add classpath:	lib\commons-logging-1.1.3.jar
Add classpath:	lib\commons-logging-1.2.jar
Add classpath:	lib\commons-math3-3.6.1.jar
Add classpath:	lib\commons-text-1.9.jar
Add classpath:	lib\controlsfx-8.40.14.jar
Add classpath:	lib\dom4j-1.6.1.jar
Add classpath:	lib\easyant-core.jar
Add classpath:	lib\ecj-3.21.0.jar
Add classpath:	lib\fontawesomefx-8.9.jar
Add classpath:	lib\groovy-2.4.16.jar
Add classpath:	lib\groovy-all-3.0.7-groovydoc.jar
Add classpath:	lib\groovy-all-3.0.7-sources.jar
Add classpath:	lib\itext-2.1.7.js8.jar
Add classpath:	lib\itextpdf-5.0.6.jar
Add classpath:	lib\ivy.jar
Add classpath:	lib\jPDFNotes.jar
Add classpath:	lib\jPDFProcess.v2019R1.06.jar
Add classpath:	lib\jackson-annotations-2.10.0.jar
Add classpath:	lib\jackson-core-2.10.0.jar
Add classpath:	lib\jackson-databind-2.10.0.jar
Add classpath:	lib\jasperreports-6.13.0.jar
Add classpath:	lib\jasperreports-6.16.0.jar
Add classpath:	lib\jasperreports-fonts-6.16.0.jar
Add classpath:	lib\jasperreports-functions-6.16.0.jar
Add classpath:	lib\javacsv-2.0.jar
Add classpath:	lib\javax.inject-1.jar
Add classpath:	lib\jcl-over-slf4j-1.7.30.jar
Add classpath:	lib\jcommon-1.0.23.jar
Add classpath:	lib\jfoenix-8.0.7.jar
Add classpath:	lib\jfreechart-1.0.19.jar
Add classpath:	lib\joda-time-2.9.9.jar
Add classpath:	lib\jrviewer-fx-0.1.0.jar
Add classpath:	lib\json-20190722.jar
Add classpath:	lib\junit-3.7.jar
Add classpath:	lib\mysql-connector-java-5.1.23-bin.jar
Add classpath:	lib\org-jdesktop-layout-RELEASE65.jar
Add classpath:	lib\poi-5.0.0.jar
Add classpath:	lib\poi-examples-5.0.0.jar
Add classpath:	lib\poi-excelant-5.0.0.jar
Add classpath:	lib\poi-integration-5.0.0.jar
Add classpath:	lib\poi-ooxml-5.0.0.jar
Add classpath:	lib\poi-ooxml-full-5.0.0.jar
Add classpath:	lib\poi-ooxml-lite-5.0.0.jar
Add classpath:	lib\poi-scratchpad-5.0.0.jar
Add classpath:	lib\scenicView.jar
Add classpath:	lib\slf4j-api-1.7.30.jar
Add classpath:	lib\testcontainers-1.11.3.jar
Add classpath:	lib\tilesfx-1.5.2.jar
Add classpath:	lib\xalan-2.7.0.jar
Add classpath:	lib\xml-apis-1.3.04.jar
Add classpath:	lib\xml-apis-ext-1.3.04.jar
Add classpath:	lib\xmlbeans-2.5.0.jar
Launcher:	C:\Program Files\Java\jre1.8.0_311\bin\javaw.exe
Launcher args:	-classpath "D:\EaZy\AppPPOB\EZPayment.exe;lib\AppCoreSystem-1.0.0-SNAPSHOT.jar;lib\CommonCore-0.1.0.jar;lib\SparseBitSet-1.2.jar;lib\animatefx-1.2.0.jar;lib\ant-1.7.1.jar;lib\ant-contrib.jar;lib\ant-launcher-1.7.1.jar;lib\ant-launcher.jar;lib\ant.jar;lib\asm-5.0.2.jar;lib\asm-analysis-5.0.2.jar;lib\asm-commons-5.0.2.jar;lib\asm-tree-5.0.2.jar;lib\asm-util-5.0.2.jar;lib\avalon-framework-impl-4.2.0.jar;lib\barbecue-1.5-beta1.jar;lib\barcode4j-2.1.jar;lib\batik-anim-1.8.jar;lib\batik-awt-util-1.8.jar;lib\batik-css-1.8.jar;lib\batik-dom-1.8.jar;lib\batik-ext-1.8.jar;lib\batik-parser-1.8.jar;lib\batik-svg-dom-1.8.jar;lib\batik-util-1.8.jar;lib\batik-xml-1.8.jar;lib\bcmail-jdk14-1.38.jar;lib\bcprov-jdk14-1.38.jar;lib\bcprov-jdk15on-1.64.jar;lib\bctsp-jdk14-1.38.jar;lib\castor-core-1.3.3.jar;lib\castor-core-1.4.1.jar;lib\castor-xml-1.4.1.jar;lib\colors-1.4.jar;lib\commons-beanutils-1.9.0.jar;lib\commons-beanutils-1.9.4.jar;lib\commons-cli-1.0.jar;lib\commons-cli.jar;lib\commons-codec-1.15.jar;lib\commons-collections-3.2.1.jar;lib\commons-collections-3.2.2.jar;lib\commons-collections4-4.2.jar;lib\commons-collections4-4.4.jar;lib\commons-digester-2.1.jar;lib\commons-io-1.4.jar;lib\commons-javaflow-1590792-patched-play-1.3.0.jar;lib\commons-jci-core-1.1.jar;lib\commons-jci-fam-1.1.jar;lib\commons-lang-1.0.jar;lib\commons-lang-2.6.jar;lib\commons-lang3-3.11.jar;lib\commons-lang3-3.4.jar;lib\commons-logging-1.0.jar;lib\commons-logging-1.1.1.jar;lib\commons-logging-1.1.3.jar;lib\commons-logging-1.2.jar;lib\commons-math3-3.6.1.jar;lib\commons-text-1.9.jar;lib\controlsfx-8.40.14.jar;lib\dom4j-1.6.1.jar;lib\easyant-core.jar;lib\ecj-3.21.0.jar;lib\fontawesomefx-8.9.jar;lib\groovy-2.4.16.jar;lib\groovy-all-3.0.7-groovydoc.jar;lib\groovy-all-3.0.7-sources.jar;lib\itext-2.1.7.js8.jar;lib\itextpdf-5.0.6.jar;lib\ivy.jar;lib\jPDFNotes.jar;lib\jPDFProcess.v2019R1.06.jar;lib\jackson-annotations-2.10.0.jar;lib\jackson-core-2.10.0.jar;lib\jackson-databind-2.10.0.jar;lib\jasperreports-6.13.0.jar;lib\jasperreports-6.16.0.jar;lib\jasperreports-fonts-6.16.0.jar;lib\jasperreports-functions-6.16.0.jar;lib\javacsv-2.0.jar;lib\javax.inject-1.jar;lib\jcl-over-slf4j-1.7.30.jar;lib\jcommon-1.0.23.jar;lib\jfoenix-8.0.7.jar;lib\jfreechart-1.0.19.jar;lib\joda-time-2.9.9.jar;lib\jrviewer-fx-0.1.0.jar;lib\json-20190722.jar;lib\junit-3.7.jar;lib\mysql-connector-java-5.1.23-bin.jar;lib\org-jdesktop-layout-RELEASE65.jar;lib\poi-5.0.0.jar;lib\poi-examples-5.0.0.jar;lib\poi-excelant-5.0.0.jar;lib\poi-integration-5.0.0.jar;lib\poi-ooxml-5.0.0.jar;lib\poi-ooxml-full-5.0.0.jar;lib\poi-ooxml-lite-5.0.0.jar;lib\poi-scratchpad-5.0.0.jar;lib\scenicView.jar;lib\slf4j-api-1.7.30.jar;lib\testcontainers-1.11.3.jar;lib\tilesfx-1.5.2.jar;lib\xalan-2.7.0.jar;lib\xml-apis-1.3.04.jar;lib\xml-apis-ext-1.3.04.jar;lib\xmlbeans-2.5.0.jar" app.ppob.AppPPOB
Args length:	2839/32768 chars
Exit code:	0


Version:	3.14
CmdLine:	D:\EaZy\AppPPOB\EZPayment.exe --l4j-debug
WOW64:		yes
Create mutex:	EZ System
Working dir:	D:\EaZy\AppPPOB\.
Java min ver:	1.008.000
Java max ver:	1.023.000
64-bit search:	SOFTWARE\JavaSoft\Java Runtime Environment...
Check:		SOFTWARE\JavaSoft\Java Runtime Environment\1.6
Ignore:		1.006.000
Check:		SOFTWARE\JavaSoft\Java Runtime Environment\1.6.0_26
Ignore:		1.006.000_026
Check:		SOFTWARE\JavaSoft\Java Runtime Environment\1.7
Ignore:		1.007.000
Check:		SOFTWARE\JavaSoft\Java Runtime Environment\1.7.0_80
Ignore:		1.007.000_080
Check:		SOFTWARE\JavaSoft\Java Runtime Environment\1.8
Check launcher:	C:\Program Files\Java\jre1.8.0_311\bin\javaw.exe (OK)
Match:		1.008.000
Check:		SOFTWARE\JavaSoft\Java Runtime Environment\1.8.0_311
Check launcher:	C:\Program Files\Java\jre1.8.0_311\bin\javaw.exe (OK)
Match:		1.008.000_311
64-bit search:	SOFTWARE\JavaSoft\Java Development Kit...
Check:		SOFTWARE\JavaSoft\Java Development Kit\1.6
Ignore:		1.006.000
Check:		SOFTWARE\JavaSoft\Java Development Kit\1.6.0_26
Ignore:		1.006.000_026
Check:		SOFTWARE\JavaSoft\Java Development Kit\1.7
Ignore:		1.007.000
Check:		SOFTWARE\JavaSoft\Java Development Kit\1.7.0_76
Ignore:		1.007.000_076
Check:		SOFTWARE\JavaSoft\Java Development Kit\1.7.0_80
Ignore:		1.007.000_080
Check:		SOFTWARE\JavaSoft\Java Development Kit\1.8
Ignore:		1.008.000
Check:		SOFTWARE\JavaSoft\Java Development Kit\1.8.0_281
Ignore:		1.008.000_281
64-bit search:	SOFTWARE\JavaSoft\JRE...
64-bit search:	SOFTWARE\JavaSoft\JDK...
Runtime used:	1.008.000_311 (64-bit)
Main class:	app.ppob.AppPPOB
Add classpath:	lib\AppCoreSystem-1.0.0-SNAPSHOT.jar
Add classpath:	lib\CommonCore-0.1.0.jar
Add classpath:	lib\SparseBitSet-1.2.jar
Add classpath:	lib\animatefx-1.2.0.jar
Add classpath:	lib\ant-1.7.1.jar
Add classpath:	lib\ant-contrib.jar
Add classpath:	lib\ant-launcher-1.7.1.jar
Add classpath:	lib\ant-launcher.jar
Add classpath:	lib\ant.jar
Add classpath:	lib\asm-5.0.2.jar
Add classpath:	lib\asm-analysis-5.0.2.jar
Add classpath:	lib\asm-commons-5.0.2.jar
Add classpath:	lib\asm-tree-5.0.2.jar
Add classpath:	lib\asm-util-5.0.2.jar
Add classpath:	lib\avalon-framework-impl-4.2.0.jar
Add classpath:	lib\barbecue-1.5-beta1.jar
Add classpath:	lib\barcode4j-2.1.jar
Add classpath:	lib\batik-anim-1.8.jar
Add classpath:	lib\batik-awt-util-1.8.jar
Add classpath:	lib\batik-css-1.8.jar
Add classpath:	lib\batik-dom-1.8.jar
Add classpath:	lib\batik-ext-1.8.jar
Add classpath:	lib\batik-parser-1.8.jar
Add classpath:	lib\batik-svg-dom-1.8.jar
Add classpath:	lib\batik-util-1.8.jar
Add classpath:	lib\batik-xml-1.8.jar
Add classpath:	lib\bcmail-jdk14-1.38.jar
Add classpath:	lib\bcprov-jdk14-1.38.jar
Add classpath:	lib\bcprov-jdk15on-1.64.jar
Add classpath:	lib\bctsp-jdk14-1.38.jar
Add classpath:	lib\castor-core-1.3.3.jar
Add classpath:	lib\castor-core-1.4.1.jar
Add classpath:	lib\castor-xml-1.4.1.jar
Add classpath:	lib\colors-1.4.jar
Add classpath:	lib\commons-beanutils-1.9.0.jar
Add classpath:	lib\commons-beanutils-1.9.4.jar
Add classpath:	lib\commons-cli-1.0.jar
Add classpath:	lib\commons-cli.jar
Add classpath:	lib\commons-codec-1.15.jar
Add classpath:	lib\commons-collections-3.2.1.jar
Add classpath:	lib\commons-collections-3.2.2.jar
Add classpath:	lib\commons-collections4-4.2.jar
Add classpath:	lib\commons-collections4-4.4.jar
Add classpath:	lib\commons-digester-2.1.jar
Add classpath:	lib\commons-io-1.4.jar
Add classpath:	lib\commons-javaflow-1590792-patched-play-1.3.0.jar
Add classpath:	lib\commons-jci-core-1.1.jar
Add classpath:	lib\commons-jci-fam-1.1.jar
Add classpath:	lib\commons-lang-1.0.jar
Add classpath:	lib\commons-lang-2.6.jar
Add classpath:	lib\commons-lang3-3.11.jar
Add classpath:	lib\commons-lang3-3.4.jar
Add classpath:	lib\commons-logging-1.0.jar
Add classpath:	lib\commons-logging-1.1.1.jar
Add classpath:	lib\commons-logging-1.1.3.jar
Add classpath:	lib\commons-logging-1.2.jar
Add classpath:	lib\commons-math3-3.6.1.jar
Add classpath:	lib\commons-text-1.9.jar
Add classpath:	lib\controlsfx-8.40.14.jar
Add classpath:	lib\dom4j-1.6.1.jar
Add classpath:	lib\easyant-core.jar
Add classpath:	lib\ecj-3.21.0.jar
Add classpath:	lib\fontawesomefx-8.9.jar
Add classpath:	lib\groovy-2.4.16.jar
Add classpath:	lib\groovy-all-3.0.7-groovydoc.jar
Add classpath:	lib\groovy-all-3.0.7-sources.jar
Add classpath:	lib\itext-2.1.7.js8.jar
Add classpath:	lib\itextpdf-5.0.6.jar
Add classpath:	lib\ivy.jar
Add classpath:	lib\jPDFNotes.jar
Add classpath:	lib\jPDFProcess.v2019R1.06.jar
Add classpath:	lib\jackson-annotations-2.10.0.jar
Add classpath:	lib\jackson-core-2.10.0.jar
Add classpath:	lib\jackson-databind-2.10.0.jar
Add classpath:	lib\jasperreports-6.13.0.jar
Add classpath:	lib\jasperreports-6.16.0.jar
Add classpath:	lib\jasperreports-fonts-6.16.0.jar
Add classpath:	lib\jasperreports-functions-6.16.0.jar
Add classpath:	lib\javacsv-2.0.jar
Add classpath:	lib\javax.inject-1.jar
Add classpath:	lib\jcl-over-slf4j-1.7.30.jar
Add classpath:	lib\jcommon-1.0.23.jar
Add classpath:	lib\jfoenix-8.0.7.jar
Add classpath:	lib\jfreechart-1.0.19.jar
Add classpath:	lib\joda-time-2.9.9.jar
Add classpath:	lib\jrviewer-fx-0.1.0.jar
Add classpath:	lib\json-20190722.jar
Add classpath:	lib\junit-3.7.jar
Add classpath:	lib\mysql-connector-java-5.1.23-bin.jar
Add classpath:	lib\org-jdesktop-layout-RELEASE65.jar
Add classpath:	lib\poi-5.0.0.jar
Add classpath:	lib\poi-examples-5.0.0.jar
Add classpath:	lib\poi-excelant-5.0.0.jar
Add classpath:	lib\poi-integration-5.0.0.jar
Add classpath:	lib\poi-ooxml-5.0.0.jar
Add classpath:	lib\poi-ooxml-full-5.0.0.jar
Add classpath:	lib\poi-ooxml-lite-5.0.0.jar
Add classpath:	lib\poi-scratchpad-5.0.0.jar
Add classpath:	lib\scenicView.jar
Add classpath:	lib\slf4j-api-1.7.30.jar
Add classpath:	lib\testcontainers-1.11.3.jar
Add classpath:	lib\tilesfx-1.5.2.jar
Add classpath:	lib\xalan-2.7.0.jar
Add classpath:	lib\xml-apis-1.3.04.jar
Add classpath:	lib\xml-apis-ext-1.3.04.jar
Add classpath:	lib\xmlbeans-2.5.0.jar
Launcher:	C:\Program Files\Java\jre1.8.0_311\bin\javaw.exe
Launcher args:	-classpath "D:\EaZy\AppPPOB\EZPayment.exe;lib\AppCoreSystem-1.0.0-SNAPSHOT.jar;lib\CommonCore-0.1.0.jar;lib\SparseBitSet-1.2.jar;lib\animatefx-1.2.0.jar;lib\ant-1.7.1.jar;lib\ant-contrib.jar;lib\ant-launcher-1.7.1.jar;lib\ant-launcher.jar;lib\ant.jar;lib\asm-5.0.2.jar;lib\asm-analysis-5.0.2.jar;lib\asm-commons-5.0.2.jar;lib\asm-tree-5.0.2.jar;lib\asm-util-5.0.2.jar;lib\avalon-framework-impl-4.2.0.jar;lib\barbecue-1.5-beta1.jar;lib\barcode4j-2.1.jar;lib\batik-anim-1.8.jar;lib\batik-awt-util-1.8.jar;lib\batik-css-1.8.jar;lib\batik-dom-1.8.jar;lib\batik-ext-1.8.jar;lib\batik-parser-1.8.jar;lib\batik-svg-dom-1.8.jar;lib\batik-util-1.8.jar;lib\batik-xml-1.8.jar;lib\bcmail-jdk14-1.38.jar;lib\bcprov-jdk14-1.38.jar;lib\bcprov-jdk15on-1.64.jar;lib\bctsp-jdk14-1.38.jar;lib\castor-core-1.3.3.jar;lib\castor-core-1.4.1.jar;lib\castor-xml-1.4.1.jar;lib\colors-1.4.jar;lib\commons-beanutils-1.9.0.jar;lib\commons-beanutils-1.9.4.jar;lib\commons-cli-1.0.jar;lib\commons-cli.jar;lib\commons-codec-1.15.jar;lib\commons-collections-3.2.1.jar;lib\commons-collections-3.2.2.jar;lib\commons-collections4-4.2.jar;lib\commons-collections4-4.4.jar;lib\commons-digester-2.1.jar;lib\commons-io-1.4.jar;lib\commons-javaflow-1590792-patched-play-1.3.0.jar;lib\commons-jci-core-1.1.jar;lib\commons-jci-fam-1.1.jar;lib\commons-lang-1.0.jar;lib\commons-lang-2.6.jar;lib\commons-lang3-3.11.jar;lib\commons-lang3-3.4.jar;lib\commons-logging-1.0.jar;lib\commons-logging-1.1.1.jar;lib\commons-logging-1.1.3.jar;lib\commons-logging-1.2.jar;lib\commons-math3-3.6.1.jar;lib\commons-text-1.9.jar;lib\controlsfx-8.40.14.jar;lib\dom4j-1.6.1.jar;lib\easyant-core.jar;lib\ecj-3.21.0.jar;lib\fontawesomefx-8.9.jar;lib\groovy-2.4.16.jar;lib\groovy-all-3.0.7-groovydoc.jar;lib\groovy-all-3.0.7-sources.jar;lib\itext-2.1.7.js8.jar;lib\itextpdf-5.0.6.jar;lib\ivy.jar;lib\jPDFNotes.jar;lib\jPDFProcess.v2019R1.06.jar;lib\jackson-annotations-2.10.0.jar;lib\jackson-core-2.10.0.jar;lib\jackson-databind-2.10.0.jar;lib\jasperreports-6.13.0.jar;lib\jasperreports-6.16.0.jar;lib\jasperreports-fonts-6.16.0.jar;lib\jasperreports-functions-6.16.0.jar;lib\javacsv-2.0.jar;lib\javax.inject-1.jar;lib\jcl-over-slf4j-1.7.30.jar;lib\jcommon-1.0.23.jar;lib\jfoenix-8.0.7.jar;lib\jfreechart-1.0.19.jar;lib\joda-time-2.9.9.jar;lib\jrviewer-fx-0.1.0.jar;lib\json-20190722.jar;lib\junit-3.7.jar;lib\mysql-connector-java-5.1.23-bin.jar;lib\org-jdesktop-layout-RELEASE65.jar;lib\poi-5.0.0.jar;lib\poi-examples-5.0.0.jar;lib\poi-excelant-5.0.0.jar;lib\poi-integration-5.0.0.jar;lib\poi-ooxml-5.0.0.jar;lib\poi-ooxml-full-5.0.0.jar;lib\poi-ooxml-lite-5.0.0.jar;lib\poi-scratchpad-5.0.0.jar;lib\scenicView.jar;lib\slf4j-api-1.7.30.jar;lib\testcontainers-1.11.3.jar;lib\tilesfx-1.5.2.jar;lib\xalan-2.7.0.jar;lib\xml-apis-1.3.04.jar;lib\xml-apis-ext-1.3.04.jar;lib\xmlbeans-2.5.0.jar" app.ppob.AppPPOB
Args length:	2839/32768 chars
Exit code:	0
