[27-11-2021 19:20:51.538]: Error Response from biller. [Exception: For input string: "10017command=INQ&modul=ISI&trxid=5712FFF2950F4D8E&cid=ez3t6f-facfed-6293-11e6-8325-002590cc&dt=20211127192050&resp=json&hc=ddf5ad92cef2fd8978ecad7e9e03fa1af126604e345d04295ed928494fba00d2&tujuan=082313018944&voucherId=TN5" ]
  [Stack trace: (java.net.URL:<init>:-1)]
  [Stack trace: (java.net.URL:<init>:-1)]
  [Stack trace: (java.net.URL:<init>:-1)]
  [Stack trace: (app.ppob.controller.handler.AbstractHandler:sendGetHttpRequest:280)]
  [Stack trace: (app.ppob.controller.handler.BillerJSONMessageHandler:handleInquiryRequest:19)]
  [Stack trace: (app.ppob.controller.VoucherController:performInquiry:261)]
  [Stack trace: (app.ppob.controller.General$1$1:call:120)]
  [Stack trace: (app.ppob.controller.General$1$1:call:113)]
  [Stack trace: (javafx.concurrent.Task$TaskCallable:call:1423)]
  [Stack trace: (java.util.concurrent.FutureTask:run:-1)]
  [Stack trace: (javafx.concurrent.Service:lambda$null$6:725)]
  [Stack trace: (java.security.AccessController:doPrivileged:-2)]
  [Stack trace: (javafx.concurrent.Service:lambda$executeTask$7:724)]
  [Stack trace: (java.util.concurrent.ThreadPoolExecutor:runWorker:-1)]
  [Stack trace: (java.util.concurrent.ThreadPoolExecutor$Worker:run:-1)]
  [Stack trace: (java.lang.Thread:run:-1)]
[27-11-2021 19:22:29.778]: Error Response from biller. [Exception: For input string: "10017command=INQ&modul=ISI&trxid=1FA2111DCDCF4DFF&cid=ez3t6f-facfed-6293-11e6-8325-002590cc&dt=20211127192229&resp=json&hc=9bf6c31dfc746da391e472a6fa92ac40344ab3e8b8824b6fb5f22bb18ebd831b&tujuan=082313018944&voucherId=TN5" ]
  [Stack trace: (java.net.URL:<init>:-1)]
  [Stack trace: (java.net.URL:<init>:-1)]
  [Stack trace: (java.net.URL:<init>:-1)]
  [Stack trace: (app.ppob.controller.handler.AbstractHandler:sendGetHttpRequest:280)]
  [Stack trace: (app.ppob.controller.handler.BillerJSONMessageHandler:handleInquiryRequest:19)]
  [Stack trace: (app.ppob.controller.VoucherController:performInquiry:261)]
  [Stack trace: (app.ppob.controller.General$1$1:call:120)]
  [Stack trace: (app.ppob.controller.General$1$1:call:113)]
  [Stack trace: (javafx.concurrent.Task$TaskCallable:call:1423)]
  [Stack trace: (java.util.concurrent.FutureTask:run:-1)]
  [Stack trace: (javafx.concurrent.Service:lambda$null$6:725)]
  [Stack trace: (java.security.AccessController:doPrivileged:-2)]
  [Stack trace: (javafx.concurrent.Service:lambda$executeTask$7:724)]
  [Stack trace: (java.util.concurrent.ThreadPoolExecutor:runWorker:-1)]
  [Stack trace: (java.util.concurrent.ThreadPoolExecutor$Worker:run:-1)]
  [Stack trace: (java.lang.Thread:run:-1)]
[29-11-2021 08:19:09.722]: Error Response from biller. [Exception: For input string: "10017command=INQ&modul=ISI&trxid=7C8964085BB0410C&cid=ez3t6f-facfed-6293-11e6-8325-002590cc&dt=20211129081908&resp=json&hc=f5c369abafae4dbdec8aef654a74272fff71727e2bc5d2f5c70ce1ea3ea14e2d&tujuan=082313018944&voucherId=TN5" ]
  [Stack trace: (java.net.URL:<init>:-1)]
  [Stack trace: (java.net.URL:<init>:-1)]
  [Stack trace: (java.net.URL:<init>:-1)]
  [Stack trace: (app.ppob.controller.handler.AbstractHandler:sendGetHttpRequest:280)]
  [Stack trace: (app.ppob.controller.handler.BillerJSONMessageHandler:handleInquiryRequest:19)]
  [Stack trace: (app.ppob.controller.VoucherController:performInquiry:263)]
  [Stack trace: (app.ppob.controller.General$1$1:call:125)]
  [Stack trace: (app.ppob.controller.General$1$1:call:118)]
  [Stack trace: (javafx.concurrent.Task$TaskCallable:call:1423)]
  [Stack trace: (java.util.concurrent.FutureTask:run:-1)]
  [Stack trace: (javafx.concurrent.Service:lambda$null$6:725)]
  [Stack trace: (java.security.AccessController:doPrivileged:-2)]
  [Stack trace: (javafx.concurrent.Service:lambda$executeTask$7:724)]
  [Stack trace: (java.util.concurrent.ThreadPoolExecutor:runWorker:-1)]
  [Stack trace: (java.util.concurrent.ThreadPoolExecutor$Worker:run:-1)]
  [Stack trace: (java.lang.Thread:run:-1)]
